<?xml version="1.0" encoding="UTF-8"?>
<!-- Generated by org.testng.reporters.JUnitReportReporter -->
<testsuite hostname="DESKTOP-UMQHIUK" failures="0" tests="1" name="com.practise.sampleTest" time="0.029" errors="0" timestamp="2024-02-11T17:39:07 IST" skipped="0">
  <testcase classname="com.practise.sampleTest" name="testAssert" time="0.029"/>
</testsuite> <!-- com.practise.sampleTest -->
